<?xml version="1.0" encoding="UTF-8"?>
<testsuite xmlns:xsi="http://www.w3.org/2001/XMLSchema-instance" xsi:noNamespaceSchemaLocation="https://maven.apache.org/surefire/maven-surefire-plugin/xsd/surefire-test-report.xsd" name="CreateUserTests" time="3.001" tests="3" errors="0" skipped="0" failures="0">
  <properties>
[...]
</properties>
  <testcase name="successfullyCreateUserTest" classname="CreateUserTests" time="1.267"/>
  <testcase name="createUserWithoutFillingInOneRequiredFieldsTest" classname="CreateUserTests" time="0.321"/>
  <testcase name="createUserThatAlreadyRegisteredTest" classname="CreateUserTests" time="1.363"/>
</testsuite>